<?xml version="1.0" encoding="UTF-8"?>
<testsuite name="TestSuite" time="16.833" tests="2" errors="0" skipped="1" failures="1">
  <properties>
[...]
</properties>
  <testcase name="launch" classname="com.parameters.ParameterPassingP" time="16.833">
    <failure message="session not created&#10;from chrome not reachable&#10;  (Session info: chrome=79.0.3945.88)&#10;Build info: version: &apos;3.11.0&apos;, revision: &apos;e59cfb3&apos;, time: &apos;2018-03-11T20:26:55.152Z&apos;&#10;System info: host: &apos;DESKTOP-TP1HFNU&apos;, ip: &apos;127.0.0.1&apos;, os.name: &apos;Windows 10&apos;, os.arch: &apos;amd64&apos;, os.version: &apos;10.0&apos;, java.version: &apos;1.8.0_231&apos;&#10;Driver info: driver.version: ChromeDriver&#10;remote stacktrace: Backtrace:&#10;	Ordinal0 [0x0042A923+1550627]&#10;	Ordinal0 [0x003AA731+1025841]&#10;	Ordinal0 [0x0032C5BE+509374]&#10;	Ordinal0 [0x003262F2+484082]&#10;	Ordinal0 [0x003269CB+485835]&#10;	Ordinal0 [0x00327B35+490293]&#10;	Ordinal0 [0x00323AB5+473781]&#10;	Ordinal0 [0x0032D360+512864]&#10;	Ordinal0 [0x002DB649+177737]&#10;	Ordinal0 [0x002DA8ED+174317]&#10;	Ordinal0 [0x002D8CDB+167131]&#10;	Ordinal0 [0x002C144A+70730]&#10;	Ordinal0 [0x002C24D0+74960]&#10;	Ordinal0 [0x002C2469+74857]&#10;	Ordinal0 [0x003C42F7+1131255]&#10;	GetHandleVerifier [0x004C711D+523789]&#10;	GetHandleVerifier [0x004C6EB0+523168]&#10;	GetHandleVerifier [0x004CE207+552695]&#10;	GetHandleVerifier [0x004C791A+525834]&#10;	Ordinal0 [0x003BB82C+1095724]&#10;	Ordinal0 [0x003C636B+1139563]&#10;	Ordinal0 [0x003C64D3+1139923]&#10;	Ordinal0 [0x003C5455+1135701]&#10;	BaseThreadInitThunk [0x76CF6359+25]&#10;	RtlGetAppContainerNamedObjectPath [0x76FF7B74+228]&#10;	RtlGetAppContainerNamedObjectPath [0x76FF7B44+180]&#10;" type="org.openqa.selenium.SessionNotCreatedException"><![CDATA[org.openqa.selenium.SessionNotCreatedException: session not created
from chrome not reachable
  (Session info: chrome=79.0.3945.88)
Build info: version: '3.11.0', revision: 'e59cfb3', time: '2018-03-11T20:26:55.152Z'
System info: host: 'DESKTOP-TP1HFNU', ip: '127.0.0.1', os.name: 'Windows 10', os.arch: 'amd64', os.version: '10.0', java.version: '1.8.0_231'
Driver info: driver.version: ChromeDriver
remote stacktrace: Backtrace:
	Ordinal0 [0x0042A923+1550627]
	Ordinal0 [0x003AA731+1025841]
	Ordinal0 [0x0032C5BE+509374]
	Ordinal0 [0x003262F2+484082]
	Ordinal0 [0x003269CB+485835]
	Ordinal0 [0x00327B35+490293]
	Ordinal0 [0x00323AB5+473781]
	Ordinal0 [0x0032D360+512864]
	Ordinal0 [0x002DB649+177737]
	Ordinal0 [0x002DA8ED+174317]
	Ordinal0 [0x002D8CDB+167131]
	Ordinal0 [0x002C144A+70730]
	Ordinal0 [0x002C24D0+74960]
	Ordinal0 [0x002C2469+74857]
	Ordinal0 [0x003C42F7+1131255]
	GetHandleVerifier [0x004C711D+523789]
	GetHandleVerifier [0x004C6EB0+523168]
	GetHandleVerifier [0x004CE207+552695]
	GetHandleVerifier [0x004C791A+525834]
	Ordinal0 [0x003BB82C+1095724]
	Ordinal0 [0x003C636B+1139563]
	Ordinal0 [0x003C64D3+1139923]
	Ordinal0 [0x003C5455+1135701]
	BaseThreadInitThunk [0x76CF6359+25]
	RtlGetAppContainerNamedObjectPath [0x76FF7B74+228]
	RtlGetAppContainerNamedObjectPath [0x76FF7B44+180]

	at sun.reflect.NativeConstructorAccessorImpl.newInstance0(Native Method)
	at sun.reflect.NativeConstructorAccessorImpl.newInstance(NativeConstructorAccessorImpl.java:62)
	at sun.reflect.DelegatingConstructorAccessorImpl.newInstance(DelegatingConstructorAccessorImpl.java:45)
	at java.lang.reflect.Constructor.newInstance(Constructor.java:423)
	at org.openqa.selenium.remote.W3CHandshakeResponse.lambda$new$0(W3CHandshakeResponse.java:57)
	at org.openqa.selenium.remote.W3CHandshakeResponse.lambda$getResponseFunction$2(W3CHandshakeResponse.java:104)
	at org.openqa.selenium.remote.ProtocolHandshake.lambda$createSession$0(ProtocolHandshake.java:123)
	at java.util.stream.ReferencePipeline$3$1.accept(ReferencePipeline.java:193)
	at java.util.Spliterators$ArraySpliterator.tryAdvance(Spliterators.java:958)
	at java.util.stream.ReferencePipeline.forEachWithCancel(ReferencePipeline.java:126)
	at java.util.stream.AbstractPipeline.copyIntoWithCancel(AbstractPipeline.java:499)
	at java.util.stream.AbstractPipeline.copyInto(AbstractPipeline.java:486)
	at java.util.stream.AbstractPipeline.wrapAndCopyInto(AbstractPipeline.java:472)
	at java.util.stream.FindOps$FindOp.evaluateSequential(FindOps.java:152)
	at java.util.stream.AbstractPipeline.evaluate(AbstractPipeline.java:234)
	at java.util.stream.ReferencePipeline.findFirst(ReferencePipeline.java:464)
	at org.openqa.selenium.remote.ProtocolHandshake.createSession(ProtocolHandshake.java:126)
	at org.openqa.selenium.remote.ProtocolHandshake.createSession(ProtocolHandshake.java:73)
	at org.openqa.selenium.remote.HttpCommandExecutor.execute(HttpCommandExecutor.java:136)
	at org.openqa.selenium.remote.service.DriverCommandExecutor.execute(DriverCommandExecutor.java:83)
	at org.openqa.selenium.remote.RemoteWebDriver.execute(RemoteWebDriver.java:545)
	at org.openqa.selenium.remote.RemoteWebDriver.startSession(RemoteWebDriver.java:209)
	at org.openqa.selenium.remote.RemoteWebDriver.<init>(RemoteWebDriver.java:132)
	at org.openqa.selenium.chrome.ChromeDriver.<init>(ChromeDriver.java:181)
	at org.openqa.selenium.chrome.ChromeDriver.<init>(ChromeDriver.java:168)
	at org.openqa.selenium.chrome.ChromeDriver.<init>(ChromeDriver.java:123)
	at com.parameters.ParameterPassingP.launch(ParameterPassingP.java:16)
]]></failure>
    <system-err><![CDATA[Starting ChromeDriver 78.0.3904.105 (60e2d8774a8151efa6a00b1f358371b1e0e07ee2-refs/branch-heads/3904@{#877}) on port 19539
Only local connections are allowed.
Please protect ports used by ChromeDriver and related test frameworks to prevent access by malicious code.
[1578063531.657][WARNING]: This version of ChromeDriver has not been tested with Chrome version 79.
[1578063533.669][WARNING]: Timed out connecting to Chrome, retrying...
[1578063537.680][WARNING]: Timed out connecting to Chrome, retrying...
]]></system-err>
  </testcase>
  <testcase name="verifyLogin" classname="com.parameters.ParameterPassingP" time="0">
    <skipped/>
  </testcase>
</testsuite>