<?xml version="1.0" encoding="UTF-8"?>
<testng-results skipped="0" failed="0" ignored="0" total="2" passed="2">
  <reporter-output>
  </reporter-output>
  <suite name="Default suite" duration-ms="43" started-at="2020-01-03T15:00:35Z" finished-at="2020-01-03T15:00:35Z">
    <groups>
    </groups>
    <test name="Default test" duration-ms="43" started-at="2020-01-03T15:00:35Z" finished-at="2020-01-03T15:00:35Z">
      <class name="com.automationPracticeTest.Annotationsp">
        <test-method status="PASS" signature="beforeSuite()[pri:0, instance:com.automationPracticeTest.Annotationsp@6d4b1c02]" name="beforeSuite" is-config="true" duration-ms="31" started-at="2020-01-03T15:00:35Z" finished-at="2020-01-03T15:00:35Z">
          <reporter-output>
          </reporter-output>
        </test-method> <!-- beforeSuite -->
        <test-method status="PASS" signature="beforeTest()[pri:0, instance:com.automationPracticeTest.Annotationsp@6d4b1c02]" name="beforeTest" is-config="true" duration-ms="0" started-at="2020-01-03T15:00:35Z" finished-at="2020-01-03T15:00:35Z">
          <reporter-output>
          </reporter-output>
        </test-method> <!-- beforeTest -->
        <test-method status="PASS" signature="beforeClass()[pri:0, instance:com.automationPracticeTest.Annotationsp@6d4b1c02]" name="beforeClass" is-config="true" duration-ms="0" started-at="2020-01-03T15:00:35Z" finished-at="2020-01-03T15:00:35Z">
          <reporter-output>
          </reporter-output>
        </test-method> <!-- beforeClass -->
        <test-method status="PASS" signature="testCase1()[pri:0, instance:com.automationPracticeTest.Annotationsp@6d4b1c02]" name="testCase1" duration-ms="0" started-at="2020-01-03T15:00:35Z" finished-at="2020-01-03T15:00:35Z">
          <reporter-output>
          </reporter-output>
        </test-method> <!-- testCase1 -->
        <test-method status="PASS" signature="beforeMethod()[pri:0, instance:com.automationPracticeTest.Annotationsp@6d4b1c02]" name="beforeMethod" is-config="true" duration-ms="0" started-at="2020-01-03T15:00:35Z" finished-at="2020-01-03T15:00:35Z">
          <reporter-output>
          </reporter-output>
        </test-method> <!-- beforeMethod -->
        <test-method status="PASS" signature="afterMethod()[pri:0, instance:com.automationPracticeTest.Annotationsp@6d4b1c02]" name="afterMethod" is-config="true" duration-ms="3" started-at="2020-01-03T15:00:35Z" finished-at="2020-01-03T15:00:35Z">
          <reporter-output>
          </reporter-output>
        </test-method> <!-- afterMethod -->
        <test-method status="PASS" signature="beforeMethod()[pri:0, instance:com.automationPracticeTest.Annotationsp@6d4b1c02]" name="beforeMethod" is-config="true" duration-ms="2" started-at="2020-01-03T15:00:35Z" finished-at="2020-01-03T15:00:35Z">
          <reporter-output>
          </reporter-output>
        </test-method> <!-- beforeMethod -->
        <test-method status="PASS" signature="testCase2()[pri:0, instance:com.automationPracticeTest.Annotationsp@6d4b1c02]" name="testCase2" duration-ms="0" started-at="2020-01-03T15:00:35Z" finished-at="2020-01-03T15:00:35Z">
          <reporter-output>
          </reporter-output>
        </test-method> <!-- testCase2 -->
        <test-method status="PASS" signature="afterMethod()[pri:0, instance:com.automationPracticeTest.Annotationsp@6d4b1c02]" name="afterMethod" is-config="true" duration-ms="0" started-at="2020-01-03T15:00:35Z" finished-at="2020-01-03T15:00:35Z">
          <reporter-output>
          </reporter-output>
        </test-method> <!-- afterMethod -->
        <test-method status="PASS" signature="afterTest()[pri:0, instance:com.automationPracticeTest.Annotationsp@6d4b1c02]" name="afterTest" is-config="true" duration-ms="0" started-at="2020-01-03T15:00:35Z" finished-at="2020-01-03T15:00:35Z">
          <reporter-output>
          </reporter-output>
        </test-method> <!-- afterTest -->
        <test-method status="PASS" signature="afterClass()[pri:0, instance:com.automationPracticeTest.Annotationsp@6d4b1c02]" name="afterClass" is-config="true" duration-ms="0" started-at="2020-01-03T15:00:35Z" finished-at="2020-01-03T15:00:35Z">
          <reporter-output>
          </reporter-output>
        </test-method> <!-- afterClass -->
        <test-method status="PASS" signature="afterSuite()[pri:0, instance:com.automationPracticeTest.Annotationsp@6d4b1c02]" name="afterSuite" is-config="true" duration-ms="0" started-at="2020-01-03T15:00:35Z" finished-at="2020-01-03T15:00:35Z">
          <reporter-output>
          </reporter-output>
        </test-method> <!-- afterSuite -->
      </class> <!-- com.automationPracticeTest.Annotationsp -->
    </test> <!-- Default test -->
  </suite> <!-- Default suite -->
</testng-results>
